2026-04-09T13:26:39 | INFO     | BD-Replica           | BD inicializada en: /home/estudiante/trafico_urbano/pc3/trafico_principal.db
2026-04-09T13:26:39 | INFO     | BD-Principal         | BD Principal PULL en *:5559
2026-04-09T13:26:39 | INFO     | BD-Principal         | BD Principal REP  en *:5570
2026-04-09T13:26:39 | INFO     | BD-Principal         | Heartbeat PUB en *:5561 (cada 3s)
2026-04-09T13:26:39 | INFO     | BD-Principal         | ══════════════════════════════════════════════════
2026-04-09T13:26:39 | INFO     | BD-Principal         |   BD Principal iniciada
2026-04-09T13:26:39 | INFO     | BD-Principal         | ══════════════════════════════════════════════════
2026-04-09T13:26:57 | INFO     | BD-Principal         | BD Principal: 100 registros almacenados
2026-04-09T13:27:11 | INFO     | BD-Principal         | BD Principal: 200 registros almacenados
2026-04-09T13:27:21 | INFO     | BD-Principal         | BD Principal: 300 registros almacenados
2026-04-09T13:27:32 | INFO     | BD-Principal         | BD Principal: 400 registros almacenados
2026-04-09T13:27:42 | INFO     | BD-Principal         | BD Principal: 500 registros almacenados
2026-04-09T13:27:57 | INFO     | BD-Principal         | BD Principal: 600 registros almacenados
2026-04-09T13:28:11 | INFO     | BD-Principal         | BD Principal: 700 registros almacenados
2026-04-09T13:28:21 | INFO     | BD-Principal         | BD Principal: 800 registros almacenados
2026-04-09T13:28:32 | INFO     | BD-Principal         | BD Principal: 900 registros almacenados
2026-04-09T13:28:42 | INFO     | BD-Principal         | BD Principal: 1000 registros almacenados
2026-04-09T13:28:57 | INFO     | BD-Principal         | BD Principal: 1100 registros almacenados
2026-04-09T13:29:11 | INFO     | BD-Principal         | BD Principal: 1200 registros almacenados
2026-04-09T13:29:21 | INFO     | BD-Principal         | BD Principal: 1300 registros almacenados
2026-04-09T13:29:32 | INFO     | BD-Principal         | BD Principal: 1400 registros almacenados
2026-04-09T13:29:42 | INFO     | BD-Principal         | BD Principal: 1500 registros almacenados
2026-04-09T13:29:57 | INFO     | BD-Principal         | BD Principal: 1600 registros almacenados
2026-04-09T13:30:11 | INFO     | BD-Principal         | BD Principal: 1700 registros almacenados
2026-04-09T13:30:22 | INFO     | BD-Principal         | BD Principal: 1800 registros almacenados
2026-04-09T13:30:32 | INFO     | BD-Principal         | BD Principal: 1900 registros almacenados
2026-04-09T13:30:42 | INFO     | BD-Principal         | BD Principal: 2000 registros almacenados
2026-04-09T13:30:57 | INFO     | BD-Principal         | BD Principal: 2100 registros almacenados
2026-04-09T13:31:11 | INFO     | BD-Principal         | BD Principal: 2200 registros almacenados
2026-04-09T13:31:22 | INFO     | BD-Principal         | BD Principal: 2300 registros almacenados
2026-04-09T13:31:32 | INFO     | BD-Principal         | BD Principal: 2400 registros almacenados
2026-04-09T13:31:42 | INFO     | BD-Principal         | BD Principal: 2500 registros almacenados
2026-04-09T13:31:57 | INFO     | BD-Principal         | BD Principal: 2600 registros almacenados
2026-04-09T13:32:11 | INFO     | BD-Principal         | BD Principal: 2700 registros almacenados
2026-04-09T13:32:22 | INFO     | BD-Principal         | BD Principal: 2800 registros almacenados
2026-04-09T13:32:32 | INFO     | BD-Principal         | BD Principal: 2900 registros almacenados
2026-04-09T13:32:42 | INFO     | BD-Principal         | BD Principal: 3000 registros almacenados
2026-04-09T13:32:57 | INFO     | BD-Principal         | BD Principal: 3100 registros almacenados
2026-04-09T13:33:11 | INFO     | BD-Principal         | BD Principal: 3200 registros almacenados
2026-04-09T13:33:22 | INFO     | BD-Principal         | BD Principal: 3300 registros almacenados
2026-04-09T13:33:32 | INFO     | BD-Principal         | BD Principal: 3400 registros almacenados
2026-04-09T13:33:42 | INFO     | BD-Principal         | BD Principal: 3500 registros almacenados
2026-04-09T13:33:57 | INFO     | BD-Principal         | BD Principal: 3600 registros almacenados
2026-04-09T13:34:11 | INFO     | BD-Principal         | BD Principal: 3700 registros almacenados
2026-04-09T13:34:22 | INFO     | BD-Principal         | BD Principal: 3800 registros almacenados
2026-04-09T13:34:32 | INFO     | BD-Principal         | BD Principal: 3900 registros almacenados
2026-04-09T13:34:42 | INFO     | BD-Principal         | BD Principal: 4000 registros almacenados
2026-04-09T13:34:57 | INFO     | BD-Principal         | BD Principal: 4100 registros almacenados
2026-04-09T13:35:12 | INFO     | BD-Principal         | BD Principal: 4200 registros almacenados
2026-04-09T13:35:22 | INFO     | BD-Principal         | BD Principal: 4300 registros almacenados
2026-04-09T13:35:32 | INFO     | BD-Principal         | BD Principal: 4400 registros almacenados
2026-04-09T13:35:42 | INFO     | BD-Principal         | BD Principal: 4500 registros almacenados
2026-04-09T13:35:57 | INFO     | BD-Principal         | BD Principal: 4600 registros almacenados
2026-04-09T13:36:12 | INFO     | BD-Principal         | BD Principal: 4700 registros almacenados
2026-04-09T13:36:22 | INFO     | BD-Principal         | BD Principal: 4800 registros almacenados
2026-04-09T13:36:32 | INFO     | BD-Principal         | BD Principal: 4900 registros almacenados
2026-04-09T13:36:42 | INFO     | BD-Principal         | BD Principal: 5000 registros almacenados
2026-04-09T13:36:57 | INFO     | BD-Principal         | BD Principal: 5100 registros almacenados
2026-04-09T13:37:12 | INFO     | BD-Principal         | BD Principal: 5200 registros almacenados
2026-04-09T13:37:22 | INFO     | BD-Principal         | BD Principal: 5300 registros almacenados
2026-04-09T13:37:32 | INFO     | BD-Principal         | BD Principal: 5400 registros almacenados
2026-04-09T13:37:42 | INFO     | BD-Principal         | BD Principal: 5500 registros almacenados
2026-04-09T13:37:57 | INFO     | BD-Principal         | BD Principal: 5600 registros almacenados
2026-04-09T13:38:12 | INFO     | BD-Principal         | BD Principal: 5700 registros almacenados
2026-04-09T13:38:22 | INFO     | BD-Principal         | BD Principal: 5800 registros almacenados
2026-04-09T13:38:32 | INFO     | BD-Principal         | BD Principal: 5900 registros almacenados
2026-04-09T13:38:42 | INFO     | BD-Principal         | BD Principal: 6000 registros almacenados
2026-04-09T13:38:58 | INFO     | BD-Principal         | BD Principal: 6100 registros almacenados
2026-04-09T13:39:12 | INFO     | BD-Principal         | BD Principal: 6200 registros almacenados
2026-04-09T13:39:22 | INFO     | BD-Principal         | BD Principal: 6300 registros almacenados
2026-04-09T13:39:33 | INFO     | BD-Principal         | BD Principal: 6400 registros almacenados
2026-04-09T13:39:43 | INFO     | BD-Principal         | BD Principal: 6500 registros almacenados
2026-04-09T13:39:58 | INFO     | BD-Principal         | BD Principal: 6600 registros almacenados
2026-04-09T13:40:12 | INFO     | BD-Principal         | BD Principal: 6700 registros almacenados
2026-04-09T13:40:22 | INFO     | BD-Principal         | BD Principal: 6800 registros almacenados
2026-04-09T13:40:33 | INFO     | BD-Principal         | BD Principal: 6900 registros almacenados
2026-04-09T13:40:43 | INFO     | BD-Principal         | BD Principal: 7000 registros almacenados
2026-04-09T13:40:58 | INFO     | BD-Principal         | BD Principal: 7100 registros almacenados
2026-04-09T13:41:12 | INFO     | BD-Principal         | BD Principal: 7200 registros almacenados
2026-04-09T13:41:22 | INFO     | BD-Principal         | BD Principal: 7300 registros almacenados
2026-04-09T13:41:33 | INFO     | BD-Principal         | BD Principal: 7400 registros almacenados
2026-04-09T13:41:43 | INFO     | BD-Principal         | BD Principal: 7500 registros almacenados
2026-04-09T13:41:58 | INFO     | BD-Principal         | BD Principal: 7600 registros almacenados
2026-04-09T13:42:12 | INFO     | BD-Principal         | BD Principal: 7700 registros almacenados
2026-04-09T13:42:22 | INFO     | BD-Principal         | BD Principal: 7800 registros almacenados
2026-04-09T13:42:33 | INFO     | BD-Principal         | BD Principal: 7900 registros almacenados
2026-04-09T13:42:43 | INFO     | BD-Principal         | BD Principal: 8000 registros almacenados
2026-04-09T13:42:58 | INFO     | BD-Principal         | BD Principal: 8100 registros almacenados
2026-04-09T13:43:12 | INFO     | BD-Principal         | BD Principal: 8200 registros almacenados
2026-04-09T13:43:22 | INFO     | BD-Principal         | BD Principal: 8300 registros almacenados
2026-04-09T13:43:33 | INFO     | BD-Principal         | BD Principal: 8400 registros almacenados
2026-04-09T13:43:43 | INFO     | BD-Principal         | BD Principal: 8500 registros almacenados
2026-04-09T13:43:58 | INFO     | BD-Principal         | BD Principal: 8600 registros almacenados
2026-04-09T13:44:12 | INFO     | BD-Principal         | BD Principal: 8700 registros almacenados
2026-04-09T13:44:22 | INFO     | BD-Principal         | BD Principal: 8800 registros almacenados
2026-04-09T13:44:33 | INFO     | BD-Principal         | BD Principal: 8900 registros almacenados
2026-04-09T13:44:43 | INFO     | BD-Principal         | BD Principal: 9000 registros almacenados
2026-04-09T13:44:58 | INFO     | BD-Principal         | BD Principal: 9100 registros almacenados
2026-04-09T13:45:12 | INFO     | BD-Principal         | BD Principal: 9200 registros almacenados
2026-04-09T13:45:22 | INFO     | BD-Principal         | BD Principal: 9300 registros almacenados
2026-04-09T13:45:33 | INFO     | BD-Principal         | BD Principal: 9400 registros almacenados
2026-04-09T13:45:43 | INFO     | BD-Principal         | BD Principal: 9500 registros almacenados
2026-04-09T13:45:58 | INFO     | BD-Principal         | BD Principal: 9600 registros almacenados
2026-04-09T13:46:12 | INFO     | BD-Principal         | BD Principal: 9700 registros almacenados
2026-04-09T13:46:22 | INFO     | BD-Principal         | BD Principal: 9800 registros almacenados
2026-04-09T13:46:33 | INFO     | BD-Principal         | BD Principal: 9900 registros almacenados
2026-04-09T13:46:43 | INFO     | BD-Principal         | BD Principal: 10000 registros almacenados
2026-04-09T13:46:58 | INFO     | BD-Principal         | BD Principal: 10100 registros almacenados
2026-04-09T13:47:12 | INFO     | BD-Principal         | BD Principal: 10200 registros almacenados
2026-04-09T13:47:22 | INFO     | BD-Principal         | BD Principal: 10300 registros almacenados
2026-04-09T13:47:33 | INFO     | BD-Principal         | BD Principal: 10400 registros almacenados
2026-04-09T13:47:43 | INFO     | BD-Principal         | BD Principal: 10500 registros almacenados
2026-04-09T13:47:58 | INFO     | BD-Principal         | BD Principal: 10600 registros almacenados
2026-04-09T13:48:12 | INFO     | BD-Principal         | BD Principal: 10700 registros almacenados
2026-04-09T13:48:22 | INFO     | BD-Principal         | BD Principal: 10800 registros almacenados
2026-04-09T13:48:33 | INFO     | BD-Principal         | BD Principal: 10900 registros almacenados
2026-04-09T13:48:43 | INFO     | BD-Principal         | BD Principal: 11000 registros almacenados
2026-04-09T13:48:58 | INFO     | BD-Principal         | BD Principal: 11100 registros almacenados
2026-04-09T13:49:12 | INFO     | BD-Principal         | BD Principal: 11200 registros almacenados
2026-04-09T13:49:22 | INFO     | BD-Principal         | BD Principal: 11300 registros almacenados
2026-04-09T13:49:33 | INFO     | BD-Principal         | BD Principal: 11400 registros almacenados
2026-04-09T13:49:43 | INFO     | BD-Principal         | BD Principal: 11500 registros almacenados
2026-04-09T13:49:58 | INFO     | BD-Principal         | BD Principal: 11600 registros almacenados
2026-04-09T13:50:12 | INFO     | BD-Principal         | BD Principal: 11700 registros almacenados
2026-04-09T13:50:22 | INFO     | BD-Principal         | BD Principal: 11800 registros almacenados
2026-04-09T13:50:33 | INFO     | BD-Principal         | BD Principal: 11900 registros almacenados
2026-04-09T13:50:43 | INFO     | BD-Principal         | BD Principal: 12000 registros almacenados
2026-04-09T13:50:58 | INFO     | BD-Principal         | BD Principal: 12100 registros almacenados
2026-04-09T13:51:12 | INFO     | BD-Principal         | BD Principal: 12200 registros almacenados
2026-04-09T13:51:23 | INFO     | BD-Principal         | BD Principal: 12300 registros almacenados
2026-04-09T13:51:33 | INFO     | BD-Principal         | BD Principal: 12400 registros almacenados
2026-04-09T13:51:43 | INFO     | BD-Principal         | BD Principal: 12500 registros almacenados
2026-04-09T13:51:58 | INFO     | BD-Principal         | BD Principal: 12600 registros almacenados
2026-04-09T13:52:12 | INFO     | BD-Principal         | BD Principal: 12700 registros almacenados
2026-04-09T13:52:23 | INFO     | BD-Principal         | BD Principal: 12800 registros almacenados
2026-04-09T13:52:33 | INFO     | BD-Principal         | BD Principal: 12900 registros almacenados
2026-04-09T13:52:43 | INFO     | BD-Principal         | BD Principal: 13000 registros almacenados
2026-04-09T13:52:58 | INFO     | BD-Principal         | BD Principal: 13100 registros almacenados
2026-04-09T13:53:12 | INFO     | BD-Principal         | BD Principal: 13200 registros almacenados
2026-04-09T13:53:23 | INFO     | BD-Principal         | BD Principal: 13300 registros almacenados
2026-04-09T13:53:33 | INFO     | BD-Principal         | BD Principal: 13400 registros almacenados
2026-04-09T13:53:43 | INFO     | BD-Principal         | BD Principal: 13500 registros almacenados
2026-04-09T13:53:58 | INFO     | BD-Principal         | BD Principal: 13600 registros almacenados
2026-04-09T13:54:13 | INFO     | BD-Principal         | BD Principal: 13700 registros almacenados
2026-04-09T13:54:23 | INFO     | BD-Principal         | BD Principal: 13800 registros almacenados
2026-04-09T13:54:33 | INFO     | BD-Principal         | BD Principal: 13900 registros almacenados
2026-04-09T13:54:43 | INFO     | BD-Principal         | BD Principal: 14000 registros almacenados
2026-04-09T13:54:58 | INFO     | BD-Principal         | BD Principal: 14100 registros almacenados
2026-04-09T13:55:12 | INFO     | BD-Principal         | BD Principal: 14200 registros almacenados
2026-04-09T13:55:23 | INFO     | BD-Principal         | BD Principal: 14300 registros almacenados
2026-04-09T13:55:33 | INFO     | BD-Principal         | BD Principal: 14400 registros almacenados
2026-04-09T13:55:43 | INFO     | BD-Principal         | BD Principal: 14500 registros almacenados
2026-04-09T13:55:58 | INFO     | BD-Principal         | BD Principal: 14600 registros almacenados
2026-04-09T13:56:12 | INFO     | BD-Principal         | BD Principal: 14700 registros almacenados
2026-04-09T13:56:23 | INFO     | BD-Principal         | BD Principal: 14800 registros almacenados
2026-04-09T13:56:34 | INFO     | BD-Principal         | BD Principal: 14900 registros almacenados
2026-04-09T13:56:44 | INFO     | BD-Principal         | BD Principal: 15000 registros almacenados
2026-04-09T13:56:59 | INFO     | BD-Principal         | BD Principal: 15100 registros almacenados
2026-04-09T13:57:13 | INFO     | BD-Principal         | BD Principal: 15200 registros almacenados
2026-04-09T13:57:23 | INFO     | BD-Principal         | BD Principal: 15300 registros almacenados
2026-04-09T13:57:34 | INFO     | BD-Principal         | BD Principal: 15400 registros almacenados
2026-04-09T13:57:44 | INFO     | BD-Principal         | BD Principal: 15500 registros almacenados
2026-04-09T13:57:59 | INFO     | BD-Principal         | BD Principal: 15600 registros almacenados
2026-04-09T13:58:13 | INFO     | BD-Principal         | BD Principal: 15700 registros almacenados
2026-04-09T13:58:23 | INFO     | BD-Principal         | BD Principal: 15800 registros almacenados
2026-04-09T13:58:34 | INFO     | BD-Principal         | BD Principal: 15900 registros almacenados
2026-04-09T13:58:44 | INFO     | BD-Principal         | BD Principal: 16000 registros almacenados
2026-04-09T13:58:59 | INFO     | BD-Principal         | BD Principal: 16100 registros almacenados
2026-04-09T13:59:13 | INFO     | BD-Principal         | BD Principal: 16200 registros almacenados
2026-04-09T13:59:23 | INFO     | BD-Principal         | BD Principal: 16300 registros almacenados
2026-04-09T13:59:34 | INFO     | BD-Principal         | BD Principal: 16400 registros almacenados
2026-04-09T13:59:44 | INFO     | BD-Principal         | BD Principal: 16500 registros almacenados
2026-04-09T13:59:59 | INFO     | BD-Principal         | BD Principal: 16600 registros almacenados
2026-04-09T14:00:13 | INFO     | BD-Principal         | BD Principal: 16700 registros almacenados
2026-04-09T14:00:23 | INFO     | BD-Principal         | BD Principal: 16800 registros almacenados
2026-04-09T14:00:34 | INFO     | BD-Principal         | BD Principal: 16900 registros almacenados
2026-04-09T14:00:44 | INFO     | BD-Principal         | BD Principal: 17000 registros almacenados
2026-04-09T14:00:59 | INFO     | BD-Principal         | BD Principal: 17100 registros almacenados
2026-04-09T14:01:13 | INFO     | BD-Principal         | BD Principal: 17200 registros almacenados
2026-04-09T14:01:23 | INFO     | BD-Principal         | BD Principal: 17300 registros almacenados
2026-04-09T14:01:34 | INFO     | BD-Principal         | BD Principal: 17400 registros almacenados
2026-04-09T14:01:44 | INFO     | BD-Principal         | BD Principal: 17500 registros almacenados
2026-04-09T14:01:59 | INFO     | BD-Principal         | BD Principal: 17600 registros almacenados
2026-04-09T14:02:13 | INFO     | BD-Principal         | BD Principal: 17700 registros almacenados
2026-04-09T14:02:23 | INFO     | BD-Principal         | BD Principal: 17800 registros almacenados
2026-04-09T14:02:34 | INFO     | BD-Principal         | BD Principal: 17900 registros almacenados
2026-04-09T14:02:44 | INFO     | BD-Principal         | BD Principal: 18000 registros almacenados
2026-04-09T14:02:59 | INFO     | BD-Principal         | BD Principal: 18100 registros almacenados
2026-04-09T14:03:13 | INFO     | BD-Principal         | BD Principal: 18200 registros almacenados
2026-04-09T14:03:23 | INFO     | BD-Principal         | BD Principal: 18300 registros almacenados
2026-04-09T14:03:34 | INFO     | BD-Principal         | BD Principal: 18400 registros almacenados
2026-04-09T14:03:44 | INFO     | BD-Principal         | BD Principal: 18500 registros almacenados
2026-04-09T14:03:59 | INFO     | BD-Principal         | BD Principal: 18600 registros almacenados
2026-04-09T14:04:13 | INFO     | BD-Principal         | BD Principal: 18700 registros almacenados
2026-04-09T14:04:23 | INFO     | BD-Principal         | BD Principal: 18800 registros almacenados
2026-04-09T14:04:34 | INFO     | BD-Principal         | BD Principal: 18900 registros almacenados
2026-04-09T14:04:44 | INFO     | BD-Principal         | BD Principal: 19000 registros almacenados
2026-04-09T14:04:59 | INFO     | BD-Principal         | BD Principal: 19100 registros almacenados
2026-04-09T14:05:13 | INFO     | BD-Principal         | BD Principal: 19200 registros almacenados
2026-04-09T14:05:23 | INFO     | BD-Principal         | BD Principal: 19300 registros almacenados
2026-04-09T14:05:34 | INFO     | BD-Principal         | BD Principal: 19400 registros almacenados
2026-04-09T14:05:44 | INFO     | BD-Principal         | BD Principal: 19500 registros almacenados
2026-04-09T14:05:59 | INFO     | BD-Principal         | BD Principal: 19600 registros almacenados
2026-04-09T14:06:13 | INFO     | BD-Principal         | BD Principal: 19700 registros almacenados
2026-04-09T14:06:23 | INFO     | BD-Principal         | BD Principal: 19800 registros almacenados
2026-04-09T14:06:34 | INFO     | BD-Principal         | BD Principal: 19900 registros almacenados
2026-04-09T14:06:44 | INFO     | BD-Principal         | BD Principal: 20000 registros almacenados
2026-04-09T14:06:59 | INFO     | BD-Principal         | BD Principal: 20100 registros almacenados
2026-04-09T14:07:13 | INFO     | BD-Principal         | BD Principal: 20200 registros almacenados
2026-04-09T14:07:23 | INFO     | BD-Principal         | BD Principal: 20300 registros almacenados
2026-04-09T14:07:34 | INFO     | BD-Principal         | BD Principal: 20400 registros almacenados
2026-04-09T14:07:44 | INFO     | BD-Principal         | BD Principal: 20500 registros almacenados
2026-04-09T14:07:59 | INFO     | BD-Principal         | BD Principal: 20600 registros almacenados
2026-04-09T14:08:13 | INFO     | BD-Principal         | BD Principal: 20700 registros almacenados
2026-04-09T14:08:23 | INFO     | BD-Principal         | BD Principal: 20800 registros almacenados
2026-04-09T14:08:34 | INFO     | BD-Principal         | BD Principal: 20900 registros almacenados
2026-04-09T14:08:44 | INFO     | BD-Principal         | BD Principal: 21000 registros almacenados
2026-04-09T14:08:59 | INFO     | BD-Principal         | BD Principal: 21100 registros almacenados
2026-04-09T14:09:13 | INFO     | BD-Principal         | BD Principal: 21200 registros almacenados
2026-04-09T14:09:23 | INFO     | BD-Principal         | BD Principal: 21300 registros almacenados
2026-04-09T14:09:34 | INFO     | BD-Principal         | BD Principal: 21400 registros almacenados
2026-04-09T14:09:44 | INFO     | BD-Principal         | BD Principal: 21500 registros almacenados
2026-04-09T14:09:59 | INFO     | BD-Principal         | BD Principal: 21600 registros almacenados
2026-04-09T14:10:13 | INFO     | BD-Principal         | BD Principal: 21700 registros almacenados
2026-04-09T14:10:23 | INFO     | BD-Principal         | BD Principal: 21800 registros almacenados
2026-04-09T14:10:34 | INFO     | BD-Principal         | BD Principal: 21900 registros almacenados
2026-04-09T14:10:44 | INFO     | BD-Principal         | BD Principal: 22000 registros almacenados
2026-04-09T14:10:59 | INFO     | BD-Principal         | BD Principal: 22100 registros almacenados
2026-04-09T14:11:13 | INFO     | BD-Principal         | BD Principal: 22200 registros almacenados
2026-04-09T14:11:24 | INFO     | BD-Principal         | BD Principal: 22300 registros almacenados
2026-04-09T14:11:34 | INFO     | BD-Principal         | BD Principal: 22400 registros almacenados
2026-04-09T14:11:44 | INFO     | BD-Principal         | BD Principal: 22500 registros almacenados
2026-04-09T14:11:59 | INFO     | BD-Principal         | BD Principal: 22600 registros almacenados
2026-04-09T14:12:13 | INFO     | BD-Principal         | BD Principal: 22700 registros almacenados
2026-04-09T14:12:24 | INFO     | BD-Principal         | BD Principal: 22800 registros almacenados
2026-04-09T14:12:34 | INFO     | BD-Principal         | BD Principal: 22900 registros almacenados
2026-04-09T14:12:44 | INFO     | BD-Principal         | BD Principal: 23000 registros almacenados
2026-04-09T14:12:59 | INFO     | BD-Principal         | BD Principal: 23100 registros almacenados
2026-04-09T14:13:13 | INFO     | BD-Principal         | BD Principal: 23200 registros almacenados
2026-04-09T14:13:23 | INFO     | BD-Principal         | BD Principal: 23300 registros almacenados
2026-04-09T14:13:34 | INFO     | BD-Principal         | BD Principal: 23400 registros almacenados
2026-04-09T14:13:44 | INFO     | BD-Principal         | BD Principal: 23500 registros almacenados
2026-04-09T14:13:59 | INFO     | BD-Principal         | BD Principal: 23600 registros almacenados
2026-04-09T14:14:13 | INFO     | BD-Principal         | BD Principal: 23700 registros almacenados
2026-04-09T14:14:23 | INFO     | BD-Principal         | BD Principal: 23800 registros almacenados
2026-04-09T14:14:34 | INFO     | BD-Principal         | BD Principal: 23900 registros almacenados
2026-04-09T14:14:44 | INFO     | BD-Principal         | BD Principal: 24000 registros almacenados
2026-04-09T14:14:59 | INFO     | BD-Principal         | BD Principal: 24100 registros almacenados
2026-04-09T14:15:13 | INFO     | BD-Principal         | BD Principal: 24200 registros almacenados
2026-04-09T14:15:24 | INFO     | BD-Principal         | BD Principal: 24300 registros almacenados
2026-04-09T14:15:34 | INFO     | BD-Principal         | BD Principal: 24400 registros almacenados
2026-04-09T14:15:44 | INFO     | BD-Principal         | BD Principal: 24500 registros almacenados
2026-04-09T14:15:59 | INFO     | BD-Principal         | BD Principal: 24600 registros almacenados
2026-04-09T14:16:13 | INFO     | BD-Principal         | BD Principal: 24700 registros almacenados
2026-04-09T14:16:24 | INFO     | BD-Principal         | BD Principal: 24800 registros almacenados
2026-04-09T14:16:35 | INFO     | BD-Principal         | BD Principal: 24900 registros almacenados
2026-04-09T14:16:45 | INFO     | BD-Principal         | BD Principal: 25000 registros almacenados
2026-04-09T14:17:00 | INFO     | BD-Principal         | BD Principal: 25100 registros almacenados
2026-04-09T14:17:13 | INFO     | BD-Principal         | BD Principal: 25200 registros almacenados
2026-04-09T14:17:24 | INFO     | BD-Principal         | BD Principal: 25300 registros almacenados
2026-04-09T14:17:35 | INFO     | BD-Principal         | BD Principal: 25400 registros almacenados
2026-04-09T14:17:45 | INFO     | BD-Principal         | BD Principal: 25500 registros almacenados
2026-04-09T14:18:00 | INFO     | BD-Principal         | BD Principal: 25600 registros almacenados
2026-04-09T14:18:13 | INFO     | BD-Principal         | BD Principal: 25700 registros almacenados
2026-04-09T14:18:24 | INFO     | BD-Principal         | BD Principal: 25800 registros almacenados
2026-04-09T14:18:35 | INFO     | BD-Principal         | BD Principal: 25900 registros almacenados
2026-04-09T14:18:45 | INFO     | BD-Principal         | BD Principal: 26000 registros almacenados
2026-04-09T14:19:00 | INFO     | BD-Principal         | BD Principal: 26100 registros almacenados
2026-04-09T14:19:13 | INFO     | BD-Principal         | BD Principal: 26200 registros almacenados
2026-04-09T14:19:24 | INFO     | BD-Principal         | BD Principal: 26300 registros almacenados
2026-04-09T14:19:35 | INFO     | BD-Principal         | BD Principal: 26400 registros almacenados
2026-04-09T14:19:45 | INFO     | BD-Principal         | BD Principal: 26500 registros almacenados
2026-04-09T14:20:00 | INFO     | BD-Principal         | BD Principal: 26600 registros almacenados
2026-04-09T14:20:13 | INFO     | BD-Principal         | BD Principal: 26700 registros almacenados
2026-04-09T14:20:24 | INFO     | BD-Principal         | BD Principal: 26800 registros almacenados
2026-04-09T14:20:35 | INFO     | BD-Principal         | BD Principal: 26900 registros almacenados
2026-04-09T14:20:45 | INFO     | BD-Principal         | BD Principal: 27000 registros almacenados
2026-04-09T14:21:00 | INFO     | BD-Principal         | BD Principal: 27100 registros almacenados
2026-04-09T14:21:14 | INFO     | BD-Principal         | BD Principal: 27200 registros almacenados
2026-04-09T14:21:24 | INFO     | BD-Principal         | BD Principal: 27300 registros almacenados
2026-04-09T14:21:35 | INFO     | BD-Principal         | BD Principal: 27400 registros almacenados
2026-04-09T14:21:45 | INFO     | BD-Principal         | BD Principal: 27500 registros almacenados
2026-04-09T14:22:00 | INFO     | BD-Principal         | BD Principal: 27600 registros almacenados
2026-04-09T14:22:14 | INFO     | BD-Principal         | BD Principal: 27700 registros almacenados
2026-04-09T14:22:24 | INFO     | BD-Principal         | BD Principal: 27800 registros almacenados
2026-04-09T14:22:35 | INFO     | BD-Principal         | BD Principal: 27900 registros almacenados
2026-04-09T14:22:45 | INFO     | BD-Principal         | BD Principal: 28000 registros almacenados
2026-04-09T14:23:00 | INFO     | BD-Principal         | BD Principal: 28100 registros almacenados
2026-04-09T14:23:14 | INFO     | BD-Principal         | BD Principal: 28200 registros almacenados
2026-04-09T14:23:24 | INFO     | BD-Principal         | BD Principal: 28300 registros almacenados
2026-04-09T14:23:35 | INFO     | BD-Principal         | BD Principal: 28400 registros almacenados
2026-04-09T14:23:45 | INFO     | BD-Principal         | BD Principal: 28500 registros almacenados
2026-04-09T14:24:00 | INFO     | BD-Principal         | BD Principal: 28600 registros almacenados
2026-04-09T14:24:14 | INFO     | BD-Principal         | BD Principal: 28700 registros almacenados
2026-04-09T14:24:24 | INFO     | BD-Principal         | BD Principal: 28800 registros almacenados
2026-04-09T14:24:35 | INFO     | BD-Principal         | BD Principal: 28900 registros almacenados
2026-04-09T14:24:45 | INFO     | BD-Principal         | BD Principal: 29000 registros almacenados
2026-04-09T14:25:00 | INFO     | BD-Principal         | BD Principal: 29100 registros almacenados
2026-04-09T14:25:14 | INFO     | BD-Principal         | BD Principal: 29200 registros almacenados
2026-04-09T14:25:24 | INFO     | BD-Principal         | BD Principal: 29300 registros almacenados
2026-04-09T14:25:35 | INFO     | BD-Principal         | BD Principal: 29400 registros almacenados
2026-04-09T14:25:45 | INFO     | BD-Principal         | BD Principal: 29500 registros almacenados
2026-04-09T14:26:00 | INFO     | BD-Principal         | BD Principal: 29600 registros almacenados
2026-04-09T14:26:14 | INFO     | BD-Principal         | BD Principal: 29700 registros almacenados
2026-04-09T14:26:24 | INFO     | BD-Principal         | BD Principal: 29800 registros almacenados
2026-04-09T14:26:35 | INFO     | BD-Principal         | BD Principal: 29900 registros almacenados
2026-04-09T14:26:45 | INFO     | BD-Principal         | BD Principal: 30000 registros almacenados
2026-04-09T14:27:00 | INFO     | BD-Principal         | BD Principal: 30100 registros almacenados
2026-04-09T14:27:14 | INFO     | BD-Principal         | BD Principal: 30200 registros almacenados
2026-04-09T14:27:24 | INFO     | BD-Principal         | BD Principal: 30300 registros almacenados
2026-04-09T14:27:35 | INFO     | BD-Principal         | BD Principal: 30400 registros almacenados
2026-04-09T14:27:45 | INFO     | BD-Principal         | BD Principal: 30500 registros almacenados
2026-04-09T14:28:00 | INFO     | BD-Principal         | BD Principal: 30600 registros almacenados
2026-04-09T14:28:14 | INFO     | BD-Principal         | BD Principal: 30700 registros almacenados
2026-04-09T14:28:24 | INFO     | BD-Principal         | BD Principal: 30800 registros almacenados
2026-04-09T14:28:35 | INFO     | BD-Principal         | BD Principal: 30900 registros almacenados
2026-04-09T14:28:45 | INFO     | BD-Principal         | BD Principal: 31000 registros almacenados
2026-04-09T14:29:00 | INFO     | BD-Principal         | BD Principal: 31100 registros almacenados
2026-04-09T14:29:14 | INFO     | BD-Principal         | BD Principal: 31200 registros almacenados
2026-04-09T14:29:24 | INFO     | BD-Principal         | BD Principal: 31300 registros almacenados
2026-04-09T14:29:35 | INFO     | BD-Principal         | BD Principal: 31400 registros almacenados
2026-04-09T14:29:45 | INFO     | BD-Principal         | BD Principal: 31500 registros almacenados
2026-04-09T14:30:00 | INFO     | BD-Principal         | BD Principal: 31600 registros almacenados
2026-04-09T14:30:14 | INFO     | BD-Principal         | BD Principal: 31700 registros almacenados
2026-04-09T14:30:24 | INFO     | BD-Principal         | BD Principal: 31800 registros almacenados
2026-04-09T14:30:35 | INFO     | BD-Principal         | BD Principal: 31900 registros almacenados
2026-04-09T14:30:45 | INFO     | BD-Principal         | BD Principal: 32000 registros almacenados
2026-04-09T14:31:00 | INFO     | BD-Principal         | BD Principal: 32100 registros almacenados
2026-04-09T14:31:14 | INFO     | BD-Principal         | BD Principal: 32200 registros almacenados
2026-04-09T14:31:24 | INFO     | BD-Principal         | BD Principal: 32300 registros almacenados
2026-04-09T14:31:35 | INFO     | BD-Principal         | BD Principal: 32400 registros almacenados
2026-04-09T14:31:45 | INFO     | BD-Principal         | BD Principal: 32500 registros almacenados
2026-04-09T14:32:00 | INFO     | BD-Principal         | BD Principal: 32600 registros almacenados
2026-04-09T14:32:14 | INFO     | BD-Principal         | BD Principal: 32700 registros almacenados
2026-04-09T14:32:24 | INFO     | BD-Principal         | BD Principal: 32800 registros almacenados
2026-04-09T14:32:35 | INFO     | BD-Principal         | BD Principal: 32900 registros almacenados
2026-04-09T14:32:45 | INFO     | BD-Principal         | BD Principal: 33000 registros almacenados
2026-04-09T14:33:00 | INFO     | BD-Principal         | BD Principal: 33100 registros almacenados
2026-04-09T14:33:14 | INFO     | BD-Principal         | BD Principal: 33200 registros almacenados
2026-04-09T14:33:24 | INFO     | BD-Principal         | BD Principal: 33300 registros almacenados
2026-04-09T14:33:35 | INFO     | BD-Principal         | BD Principal: 33400 registros almacenados
2026-04-09T14:33:45 | INFO     | BD-Principal         | BD Principal: 33500 registros almacenados
2026-04-09T14:34:00 | INFO     | BD-Principal         | BD Principal: 33600 registros almacenados
2026-04-09T14:34:14 | INFO     | BD-Principal         | BD Principal: 33700 registros almacenados
2026-04-09T14:34:24 | INFO     | BD-Principal         | BD Principal: 33800 registros almacenados
2026-04-09T14:34:36 | INFO     | BD-Principal         | BD Principal: 33900 registros almacenados
2026-04-09T14:34:46 | INFO     | BD-Principal         | BD Principal: 34000 registros almacenados
2026-04-09T14:35:01 | INFO     | BD-Principal         | BD Principal: 34100 registros almacenados
2026-04-09T14:35:14 | INFO     | BD-Principal         | BD Principal: 34200 registros almacenados
2026-04-09T14:35:24 | INFO     | BD-Principal         | BD Principal: 34300 registros almacenados
2026-04-09T14:35:36 | INFO     | BD-Principal         | BD Principal: 34400 registros almacenados
2026-04-09T14:35:46 | INFO     | BD-Principal         | BD Principal: 34500 registros almacenados
2026-04-09T14:36:01 | INFO     | BD-Principal         | BD Principal: 34600 registros almacenados
2026-04-09T14:36:14 | INFO     | BD-Principal         | BD Principal: 34700 registros almacenados
2026-04-09T14:36:25 | INFO     | BD-Principal         | BD Principal: 34800 registros almacenados
2026-04-09T14:36:36 | INFO     | BD-Principal         | BD Principal: 34900 registros almacenados
2026-04-09T14:36:46 | INFO     | BD-Principal         | BD Principal: 35000 registros almacenados
2026-04-09T14:37:01 | INFO     | BD-Principal         | BD Principal: 35100 registros almacenados
2026-04-09T14:37:14 | INFO     | BD-Principal         | BD Principal: 35200 registros almacenados
2026-04-09T14:37:25 | INFO     | BD-Principal         | BD Principal: 35300 registros almacenados
2026-04-09T14:37:36 | INFO     | BD-Principal         | BD Principal: 35400 registros almacenados
2026-04-09T14:37:46 | INFO     | BD-Principal         | BD Principal: 35500 registros almacenados
2026-04-09T14:38:01 | INFO     | BD-Principal         | BD Principal: 35600 registros almacenados
2026-04-09T14:38:14 | INFO     | BD-Principal         | BD Principal: 35700 registros almacenados
2026-04-09T14:38:25 | INFO     | BD-Principal         | BD Principal: 35800 registros almacenados
2026-04-09T14:38:36 | INFO     | BD-Principal         | BD Principal: 35900 registros almacenados
2026-04-09T14:38:46 | INFO     | BD-Principal         | BD Principal: 36000 registros almacenados
2026-04-09T14:39:01 | INFO     | BD-Principal         | BD Principal: 36100 registros almacenados
2026-04-09T14:39:14 | INFO     | BD-Principal         | BD Principal: 36200 registros almacenados
2026-04-09T14:39:25 | INFO     | BD-Principal         | BD Principal: 36300 registros almacenados
2026-04-09T14:39:36 | INFO     | BD-Principal         | BD Principal: 36400 registros almacenados
2026-04-09T14:39:46 | INFO     | BD-Principal         | BD Principal: 36500 registros almacenados
2026-04-09T14:40:01 | INFO     | BD-Principal         | BD Principal: 36600 registros almacenados
2026-04-09T14:40:14 | INFO     | BD-Principal         | BD Principal: 36700 registros almacenados
2026-04-09T14:40:25 | INFO     | BD-Principal         | BD Principal: 36800 registros almacenados
2026-04-09T14:40:36 | INFO     | BD-Principal         | BD Principal: 36900 registros almacenados
2026-04-09T14:40:46 | INFO     | BD-Principal         | BD Principal: 37000 registros almacenados
2026-04-09T14:41:01 | INFO     | BD-Principal         | BD Principal: 37100 registros almacenados
2026-04-09T14:41:14 | INFO     | BD-Principal         | BD Principal: 37200 registros almacenados
2026-04-09T14:41:25 | INFO     | BD-Principal         | BD Principal: 37300 registros almacenados
2026-04-09T14:41:36 | INFO     | BD-Principal         | BD Principal: 37400 registros almacenados
2026-04-09T14:41:46 | INFO     | BD-Principal         | BD Principal: 37500 registros almacenados
2026-04-09T14:42:01 | INFO     | BD-Principal         | BD Principal: 37600 registros almacenados
2026-04-09T14:42:14 | INFO     | BD-Principal         | BD Principal: 37700 registros almacenados
2026-04-09T14:42:25 | INFO     | BD-Principal         | BD Principal: 37800 registros almacenados
2026-04-09T14:42:36 | INFO     | BD-Principal         | BD Principal: 37900 registros almacenados
2026-04-09T14:42:46 | INFO     | BD-Principal         | BD Principal: 38000 registros almacenados
2026-04-09T14:43:01 | INFO     | BD-Principal         | BD Principal: 38100 registros almacenados
2026-04-09T14:43:14 | INFO     | BD-Principal         | BD Principal: 38200 registros almacenados
2026-04-09T14:43:25 | INFO     | BD-Principal         | BD Principal: 38300 registros almacenados
2026-04-09T14:43:36 | INFO     | BD-Principal         | BD Principal: 38400 registros almacenados
2026-04-09T14:43:46 | INFO     | BD-Principal         | BD Principal: 38500 registros almacenados
2026-04-09T14:44:01 | INFO     | BD-Principal         | BD Principal: 38600 registros almacenados
2026-04-09T14:44:15 | INFO     | BD-Principal         | BD Principal: 38700 registros almacenados
2026-04-09T14:44:25 | INFO     | BD-Principal         | BD Principal: 38800 registros almacenados
2026-04-09T14:44:36 | INFO     | BD-Principal         | BD Principal: 38900 registros almacenados
2026-04-09T14:44:46 | INFO     | BD-Principal         | BD Principal: 39000 registros almacenados
2026-04-09T14:45:01 | INFO     | BD-Principal         | BD Principal: 39100 registros almacenados
2026-04-09T14:45:15 | INFO     | BD-Principal         | BD Principal: 39200 registros almacenados
2026-04-09T14:45:25 | INFO     | BD-Principal         | BD Principal: 39300 registros almacenados
2026-04-09T14:45:36 | INFO     | BD-Principal         | BD Principal: 39400 registros almacenados
2026-04-09T14:45:46 | INFO     | BD-Principal         | BD Principal: 39500 registros almacenados
2026-04-09T14:46:01 | INFO     | BD-Principal         | BD Principal: 39600 registros almacenados
2026-04-09T14:46:15 | INFO     | BD-Principal         | BD Principal: 39700 registros almacenados
2026-04-09T14:46:25 | INFO     | BD-Principal         | BD Principal: 39800 registros almacenados
2026-04-09T14:46:36 | INFO     | BD-Principal         | BD Principal: 39900 registros almacenados
2026-04-09T14:46:46 | INFO     | BD-Principal         | BD Principal: 40000 registros almacenados
2026-04-09T14:47:01 | INFO     | BD-Principal         | BD Principal: 40100 registros almacenados
2026-04-09T14:47:15 | INFO     | BD-Principal         | BD Principal: 40200 registros almacenados
2026-04-09T14:47:25 | INFO     | BD-Principal         | BD Principal: 40300 registros almacenados
2026-04-09T14:47:36 | INFO     | BD-Principal         | BD Principal: 40400 registros almacenados
2026-04-09T14:47:46 | INFO     | BD-Principal         | BD Principal: 40500 registros almacenados
2026-04-09T14:48:01 | INFO     | BD-Principal         | BD Principal: 40600 registros almacenados
2026-04-09T14:48:15 | INFO     | BD-Principal         | BD Principal: 40700 registros almacenados
2026-04-09T14:48:25 | INFO     | BD-Principal         | BD Principal: 40800 registros almacenados
2026-04-09T14:48:36 | INFO     | BD-Principal         | BD Principal: 40900 registros almacenados
2026-04-09T14:48:46 | INFO     | BD-Principal         | BD Principal: 41000 registros almacenados
2026-04-09T14:49:01 | INFO     | BD-Principal         | BD Principal: 41100 registros almacenados
2026-04-09T14:49:15 | INFO     | BD-Principal         | BD Principal: 41200 registros almacenados
2026-04-09T14:49:25 | INFO     | BD-Principal         | BD Principal: 41300 registros almacenados
2026-04-09T14:49:36 | INFO     | BD-Principal         | BD Principal: 41400 registros almacenados
2026-04-09T14:49:46 | INFO     | BD-Principal         | BD Principal: 41500 registros almacenados
2026-04-09T14:50:01 | INFO     | BD-Principal         | BD Principal: 41600 registros almacenados
2026-04-09T14:50:15 | INFO     | BD-Principal         | BD Principal: 41700 registros almacenados
2026-04-09T14:50:25 | INFO     | BD-Principal         | BD Principal: 41800 registros almacenados
2026-04-09T14:50:36 | INFO     | BD-Principal         | BD Principal: 41900 registros almacenados
2026-04-09T14:50:46 | INFO     | BD-Principal         | BD Principal: 42000 registros almacenados
2026-04-09T14:51:01 | INFO     | BD-Principal         | BD Principal: 42100 registros almacenados
2026-04-09T14:51:15 | INFO     | BD-Principal         | BD Principal: 42200 registros almacenados
2026-04-09T14:51:25 | INFO     | BD-Principal         | BD Principal: 42300 registros almacenados
2026-04-09T14:51:36 | INFO     | BD-Principal         | BD Principal: 42400 registros almacenados
2026-04-09T14:51:46 | INFO     | BD-Principal         | BD Principal: 42500 registros almacenados
2026-04-09T14:57:29 | INFO     | BD-Replica           | BD inicializada en: /home/estudiante/trafico_urbano/pc3/trafico_principal.db
2026-04-09T14:57:29 | INFO     | BD-Principal         | BD Principal PULL en *:5559
2026-04-09T14:57:29 | INFO     | BD-Principal         | BD Principal REP  en *:5570
2026-04-09T14:57:29 | INFO     | BD-Principal         | Heartbeat PUB en *:5561 (cada 3s)
2026-04-09T14:57:29 | INFO     | BD-Principal         | ══════════════════════════════════════════════════
2026-04-09T14:57:29 | INFO     | BD-Principal         |   BD Principal iniciada
2026-04-09T14:57:29 | INFO     | BD-Principal         | ══════════════════════════════════════════════════
2026-04-09T14:59:16 | INFO     | BD-Replica           | BD inicializada en: /home/estudiante/trafico_urbano/pc3/trafico_principal.db
2026-04-09T14:59:16 | INFO     | BD-Principal         | BD Principal PULL en *:5559
2026-04-09T14:59:16 | INFO     | BD-Principal         | BD Principal REP  en *:5570
2026-04-09T14:59:16 | INFO     | BD-Principal         | Heartbeat PUB en *:5561 (cada 3s)
2026-04-09T14:59:16 | INFO     | BD-Principal         | ══════════════════════════════════════════════════
2026-04-09T14:59:16 | INFO     | BD-Principal         |   BD Principal iniciada
2026-04-09T14:59:16 | INFO     | BD-Principal         | ══════════════════════════════════════════════════
2026-04-09T14:59:24 | INFO     | BD-Principal         | BD Principal: 100 registros almacenados
2026-04-09T14:59:39 | INFO     | BD-Principal         | BD Principal: 200 registros almacenados
2026-04-09T14:59:49 | INFO     | BD-Principal         | BD Principal: 300 registros almacenados
2026-04-09T14:59:59 | INFO     | BD-Principal         | BD Principal: 400 registros almacenados
2026-04-09T15:00:14 | INFO     | BD-Principal         | BD Principal: 500 registros almacenados
2026-04-09T15:00:24 | INFO     | BD-Principal         | BD Principal: 600 registros almacenados
2026-04-09T15:00:39 | INFO     | BD-Principal         | BD Principal: 700 registros almacenados
2026-04-09T15:00:49 | INFO     | BD-Principal         | BD Principal: 800 registros almacenados
2026-04-09T15:00:59 | INFO     | BD-Principal         | BD Principal: 900 registros almacenados
2026-04-09T15:01:14 | INFO     | BD-Principal         | BD Principal: 1000 registros almacenados
2026-04-09T15:01:24 | INFO     | BD-Principal         | BD Principal: 1100 registros almacenados
2026-04-09T15:01:39 | INFO     | BD-Principal         | BD Principal: 1200 registros almacenados
2026-04-09T15:01:49 | INFO     | BD-Principal         | BD Principal: 1300 registros almacenados
2026-04-09T15:02:12 | INFO     | BD-Replica           | BD inicializada en: /home/estudiante/trafico_urbano/pc3/trafico_principal.db
2026-04-09T15:02:12 | INFO     | BD-Principal         | BD Principal PULL en *:5559
2026-04-09T15:02:12 | INFO     | BD-Principal         | BD Principal REP  en *:5570
2026-04-09T15:02:12 | INFO     | BD-Principal         | Heartbeat PUB en *:5561 (cada 3s)
2026-04-09T15:02:12 | INFO     | BD-Principal         | ══════════════════════════════════════════════════
2026-04-09T15:02:12 | INFO     | BD-Principal         |   BD Principal iniciada
2026-04-09T15:02:12 | INFO     | BD-Principal         | ══════════════════════════════════════════════════
2026-04-09T15:02:19 | INFO     | BD-Principal         | BD Principal: 100 registros almacenados
2026-04-09T15:02:29 | INFO     | BD-Principal         | BD Principal: 200 registros almacenados
2026-04-09T15:02:44 | INFO     | BD-Principal         | BD Principal: 300 registros almacenados
2026-04-09T15:02:54 | INFO     | BD-Principal         | BD Principal: 400 registros almacenados
2026-04-09T15:03:09 | INFO     | BD-Principal         | BD Principal: 500 registros almacenados
2026-04-09T15:03:19 | INFO     | BD-Principal         | BD Principal: 600 registros almacenados
2026-04-09T15:03:29 | INFO     | BD-Principal         | BD Principal: 700 registros almacenados
2026-04-09T15:03:44 | INFO     | BD-Principal         | BD Principal: 800 registros almacenados
2026-04-09T15:03:54 | INFO     | BD-Principal         | BD Principal: 900 registros almacenados
2026-04-09T15:04:09 | INFO     | BD-Principal         | BD Principal: 1000 registros almacenados
2026-04-09T15:04:19 | INFO     | BD-Principal         | BD Principal: 1100 registros almacenados
2026-04-09T15:04:29 | INFO     | BD-Principal         | BD Principal: 1200 registros almacenados
2026-04-09T15:04:44 | INFO     | BD-Principal         | BD Principal: 1300 registros almacenados
2026-04-09T15:04:54 | INFO     | BD-Principal         | BD Principal: 1400 registros almacenados
2026-04-09T15:05:09 | INFO     | BD-Principal         | BD Principal: 1500 registros almacenados
2026-04-09T15:05:19 | INFO     | BD-Principal         | BD Principal: 1600 registros almacenados
2026-04-09T15:05:29 | INFO     | BD-Principal         | BD Principal: 1700 registros almacenados
2026-04-09T15:05:44 | INFO     | BD-Principal         | BD Principal: 1800 registros almacenados
2026-04-09T15:05:54 | INFO     | BD-Principal         | BD Principal: 1900 registros almacenados
2026-04-09T15:06:09 | INFO     | BD-Principal         | BD Principal: 2000 registros almacenados
2026-04-09T15:06:19 | INFO     | BD-Principal         | BD Principal: 2100 registros almacenados
2026-04-09T15:06:30 | INFO     | BD-Principal         | BD Principal: 2200 registros almacenados
2026-04-09T15:06:44 | INFO     | BD-Principal         | BD Principal: 2300 registros almacenados
2026-04-09T15:06:54 | INFO     | BD-Principal         | BD Principal: 2400 registros almacenados
2026-04-09T15:07:09 | INFO     | BD-Principal         | BD Principal: 2500 registros almacenados
2026-04-09T15:07:19 | INFO     | BD-Principal         | BD Principal: 2600 registros almacenados
2026-04-09T15:07:30 | INFO     | BD-Principal         | BD Principal: 2700 registros almacenados
2026-04-09T15:07:45 | INFO     | BD-Principal         | BD Principal: 2800 registros almacenados
2026-04-09T15:07:55 | INFO     | BD-Principal         | BD Principal: 2900 registros almacenados
2026-04-09T15:08:09 | INFO     | BD-Principal         | BD Principal: 3000 registros almacenados
2026-04-09T15:08:19 | INFO     | BD-Principal         | BD Principal: 3100 registros almacenados
2026-04-09T15:08:30 | INFO     | BD-Principal         | BD Principal: 3200 registros almacenados
2026-04-09T15:08:45 | INFO     | BD-Principal         | BD Principal: 3300 registros almacenados
2026-04-09T15:08:55 | INFO     | BD-Principal         | BD Principal: 3400 registros almacenados
2026-04-09T15:09:09 | INFO     | BD-Principal         | BD Principal: 3500 registros almacenados
2026-04-09T15:09:20 | INFO     | BD-Principal         | BD Principal: 3600 registros almacenados
2026-04-09T15:09:30 | INFO     | BD-Principal         | BD Principal: 3700 registros almacenados
2026-04-09T15:09:45 | INFO     | BD-Principal         | BD Principal: 3800 registros almacenados
2026-04-09T15:09:55 | INFO     | BD-Principal         | BD Principal: 3900 registros almacenados
2026-04-09T15:10:09 | INFO     | BD-Principal         | BD Principal: 4000 registros almacenados
2026-04-09T15:10:20 | INFO     | BD-Principal         | BD Principal: 4100 registros almacenados
2026-04-09T15:10:30 | INFO     | BD-Principal         | BD Principal: 4200 registros almacenados
2026-04-09T15:10:45 | INFO     | BD-Principal         | BD Principal: 4300 registros almacenados
2026-04-09T15:10:55 | INFO     | BD-Principal         | BD Principal: 4400 registros almacenados
2026-04-09T15:11:10 | INFO     | BD-Principal         | BD Principal: 4500 registros almacenados
2026-04-09T15:11:20 | INFO     | BD-Principal         | BD Principal: 4600 registros almacenados
2026-04-09T15:11:30 | INFO     | BD-Principal         | BD Principal: 4700 registros almacenados
2026-04-09T15:11:45 | INFO     | BD-Principal         | BD Principal: 4800 registros almacenados
2026-04-09T15:11:55 | INFO     | BD-Principal         | BD Principal: 4900 registros almacenados
2026-04-09T15:12:10 | INFO     | BD-Principal         | BD Principal: 5000 registros almacenados
2026-04-09T15:12:20 | INFO     | BD-Principal         | BD Principal: 5100 registros almacenados
2026-04-09T15:12:30 | INFO     | BD-Principal         | BD Principal: 5200 registros almacenados
2026-04-09T15:12:45 | INFO     | BD-Principal         | BD Principal: 5300 registros almacenados
2026-04-09T15:12:55 | INFO     | BD-Principal         | BD Principal: 5400 registros almacenados
2026-04-09T15:13:10 | INFO     | BD-Principal         | BD Principal: 5500 registros almacenados
2026-04-09T15:13:20 | INFO     | BD-Principal         | BD Principal: 5600 registros almacenados
2026-04-09T15:13:30 | INFO     | BD-Principal         | BD Principal: 5700 registros almacenados
2026-04-09T15:13:45 | INFO     | BD-Principal         | BD Principal: 5800 registros almacenados
2026-04-09T15:13:55 | INFO     | BD-Principal         | BD Principal: 5900 registros almacenados
2026-04-09T15:14:10 | INFO     | BD-Principal         | BD Principal: 6000 registros almacenados
2026-04-09T15:14:20 | INFO     | BD-Principal         | BD Principal: 6100 registros almacenados
2026-04-09T15:14:30 | INFO     | BD-Principal         | BD Principal: 6200 registros almacenados
2026-04-09T15:14:45 | INFO     | BD-Principal         | BD Principal: 6300 registros almacenados
2026-04-09T15:14:55 | INFO     | BD-Principal         | BD Principal: 6400 registros almacenados
2026-04-09T15:15:10 | INFO     | BD-Principal         | BD Principal: 6500 registros almacenados
2026-04-09T15:15:20 | INFO     | BD-Principal         | BD Principal: 6600 registros almacenados
2026-04-09T15:15:30 | INFO     | BD-Principal         | BD Principal: 6700 registros almacenados
2026-04-09T15:15:45 | INFO     | BD-Principal         | BD Principal: 6800 registros almacenados
2026-04-09T15:15:55 | INFO     | BD-Principal         | BD Principal: 6900 registros almacenados
2026-04-09T15:16:10 | INFO     | BD-Principal         | BD Principal: 7000 registros almacenados
2026-04-09T15:16:20 | INFO     | BD-Principal         | BD Principal: 7100 registros almacenados
2026-04-09T15:16:30 | INFO     | BD-Principal         | BD Principal: 7200 registros almacenados
2026-04-09T15:16:45 | INFO     | BD-Principal         | BD Principal: 7300 registros almacenados
2026-04-09T15:16:55 | INFO     | BD-Principal         | BD Principal: 7400 registros almacenados
2026-04-09T15:17:10 | INFO     | BD-Principal         | BD Principal: 7500 registros almacenados
2026-04-09T15:17:20 | INFO     | BD-Principal         | BD Principal: 7600 registros almacenados
2026-04-09T15:17:30 | INFO     | BD-Principal         | BD Principal: 7700 registros almacenados
2026-04-09T15:17:45 | INFO     | BD-Principal         | BD Principal: 7800 registros almacenados
2026-04-09T15:17:55 | INFO     | BD-Principal         | BD Principal: 7900 registros almacenados
2026-04-09T15:18:10 | INFO     | BD-Principal         | BD Principal: 8000 registros almacenados
2026-04-09T15:18:20 | INFO     | BD-Principal         | BD Principal: 8100 registros almacenados
2026-04-09T15:18:30 | INFO     | BD-Principal         | BD Principal: 8200 registros almacenados
2026-04-09T15:18:45 | INFO     | BD-Principal         | BD Principal: 8300 registros almacenados
2026-04-09T15:18:55 | INFO     | BD-Principal         | BD Principal: 8400 registros almacenados
2026-04-09T15:19:10 | INFO     | BD-Principal         | BD Principal: 8500 registros almacenados
2026-04-09T15:19:20 | INFO     | BD-Principal         | BD Principal: 8600 registros almacenados
2026-04-09T15:19:31 | INFO     | BD-Principal         | BD Principal: 8700 registros almacenados
2026-04-09T15:19:45 | INFO     | BD-Principal         | BD Principal: 8800 registros almacenados
2026-04-09T15:19:55 | INFO     | BD-Principal         | BD Principal: 8900 registros almacenados
2026-04-09T15:20:10 | INFO     | BD-Principal         | BD Principal: 9000 registros almacenados
2026-04-09T15:20:20 | INFO     | BD-Principal         | BD Principal: 9100 registros almacenados
2026-04-09T15:20:30 | INFO     | BD-Principal         | BD Principal: 9200 registros almacenados
2026-04-09T15:20:45 | INFO     | BD-Principal         | BD Principal: 9300 registros almacenados
2026-04-09T15:20:55 | INFO     | BD-Principal         | BD Principal: 9400 registros almacenados
2026-04-09T15:21:10 | INFO     | BD-Principal         | BD Principal: 9500 registros almacenados
2026-04-09T15:21:20 | INFO     | BD-Principal         | BD Principal: 9600 registros almacenados
2026-04-09T15:21:30 | INFO     | BD-Principal         | BD Principal: 9700 registros almacenados
2026-04-09T15:21:45 | INFO     | BD-Principal         | BD Principal: 9800 registros almacenados
2026-04-09T15:21:55 | INFO     | BD-Principal         | BD Principal: 9900 registros almacenados
2026-04-09T15:22:10 | INFO     | BD-Principal         | BD Principal: 10000 registros almacenados
2026-04-09T15:22:20 | INFO     | BD-Principal         | BD Principal: 10100 registros almacenados
2026-04-09T15:22:30 | INFO     | BD-Principal         | BD Principal: 10200 registros almacenados
2026-04-09T15:22:45 | INFO     | BD-Principal         | BD Principal: 10300 registros almacenados
2026-04-09T15:22:55 | INFO     | BD-Principal         | BD Principal: 10400 registros almacenados
2026-04-09T15:23:10 | INFO     | BD-Principal         | BD Principal: 10500 registros almacenados
2026-04-09T15:23:20 | INFO     | BD-Principal         | BD Principal: 10600 registros almacenados
2026-04-09T15:23:30 | INFO     | BD-Principal         | BD Principal: 10700 registros almacenados
2026-04-09T15:23:45 | INFO     | BD-Principal         | BD Principal: 10800 registros almacenados
2026-04-09T15:23:55 | INFO     | BD-Principal         | BD Principal: 10900 registros almacenados
2026-04-09T15:24:10 | INFO     | BD-Principal         | BD Principal: 11000 registros almacenados
2026-04-09T15:24:20 | INFO     | BD-Principal         | BD Principal: 11100 registros almacenados
2026-04-09T15:24:30 | INFO     | BD-Principal         | BD Principal: 11200 registros almacenados
2026-04-09T15:24:45 | INFO     | BD-Principal         | BD Principal: 11300 registros almacenados
2026-04-09T15:24:55 | INFO     | BD-Principal         | BD Principal: 11400 registros almacenados
2026-04-09T15:25:10 | INFO     | BD-Principal         | BD Principal: 11500 registros almacenados
2026-04-09T15:25:20 | INFO     | BD-Principal         | BD Principal: 11600 registros almacenados
2026-04-09T15:25:30 | INFO     | BD-Principal         | BD Principal: 11700 registros almacenados
2026-04-09T15:25:45 | INFO     | BD-Principal         | BD Principal: 11800 registros almacenados
2026-04-09T15:25:56 | INFO     | BD-Principal         | BD Principal: 11900 registros almacenados
2026-04-09T15:26:10 | INFO     | BD-Principal         | BD Principal: 12000 registros almacenados
2026-04-09T15:26:20 | INFO     | BD-Principal         | BD Principal: 12100 registros almacenados
2026-04-09T15:26:31 | INFO     | BD-Principal         | BD Principal: 12200 registros almacenados
2026-04-09T15:26:46 | INFO     | BD-Principal         | BD Principal: 12300 registros almacenados
2026-04-09T15:26:56 | INFO     | BD-Principal         | BD Principal: 12400 registros almacenados
2026-04-09T15:27:10 | INFO     | BD-Principal         | BD Principal: 12500 registros almacenados
2026-04-09T15:27:20 | INFO     | BD-Principal         | BD Principal: 12600 registros almacenados
2026-04-09T15:27:31 | INFO     | BD-Principal         | BD Principal: 12700 registros almacenados
2026-04-09T15:27:46 | INFO     | BD-Principal         | BD Principal: 12800 registros almacenados
2026-04-09T15:27:56 | INFO     | BD-Principal         | BD Principal: 12900 registros almacenados
2026-04-09T15:28:10 | INFO     | BD-Principal         | BD Principal: 13000 registros almacenados
2026-04-09T15:28:21 | INFO     | BD-Principal         | BD Principal: 13100 registros almacenados
2026-04-09T15:28:31 | INFO     | BD-Principal         | BD Principal: 13200 registros almacenados
2026-04-09T15:28:46 | INFO     | BD-Principal         | BD Principal: 13300 registros almacenados
2026-04-09T15:28:56 | INFO     | BD-Principal         | BD Principal: 13400 registros almacenados
2026-04-09T15:29:10 | INFO     | BD-Principal         | BD Principal: 13500 registros almacenados
2026-04-09T15:29:21 | INFO     | BD-Principal         | BD Principal: 13600 registros almacenados
2026-04-09T15:29:31 | INFO     | BD-Principal         | BD Principal: 13700 registros almacenados
2026-04-09T15:29:46 | INFO     | BD-Principal         | BD Principal: 13800 registros almacenados
2026-04-09T15:29:56 | INFO     | BD-Principal         | BD Principal: 13900 registros almacenados
2026-04-09T15:30:11 | INFO     | BD-Principal         | BD Principal: 14000 registros almacenados
2026-04-09T15:30:21 | INFO     | BD-Principal         | BD Principal: 14100 registros almacenados
2026-04-09T15:30:31 | INFO     | BD-Principal         | BD Principal: 14200 registros almacenados
2026-04-09T15:30:46 | INFO     | BD-Principal         | BD Principal: 14300 registros almacenados
2026-04-09T15:30:56 | INFO     | BD-Principal         | BD Principal: 14400 registros almacenados
2026-04-09T15:31:11 | INFO     | BD-Principal         | BD Principal: 14500 registros almacenados
2026-04-09T15:31:21 | INFO     | BD-Principal         | BD Principal: 14600 registros almacenados
2026-04-09T15:31:31 | INFO     | BD-Principal         | BD Principal: 14700 registros almacenados
2026-04-09T15:31:46 | INFO     | BD-Principal         | BD Principal: 14800 registros almacenados
2026-04-09T15:31:56 | INFO     | BD-Principal         | BD Principal: 14900 registros almacenados
2026-04-09T15:32:11 | INFO     | BD-Principal         | BD Principal: 15000 registros almacenados
2026-04-09T15:32:21 | INFO     | BD-Principal         | BD Principal: 15100 registros almacenados
2026-04-09T15:32:31 | INFO     | BD-Principal         | BD Principal: 15200 registros almacenados
2026-04-09T15:32:46 | INFO     | BD-Principal         | BD Principal: 15300 registros almacenados
2026-04-09T15:32:56 | INFO     | BD-Principal         | BD Principal: 15400 registros almacenados
2026-04-09T15:33:11 | INFO     | BD-Principal         | BD Principal: 15500 registros almacenados
2026-04-09T15:33:21 | INFO     | BD-Principal         | BD Principal: 15600 registros almacenados
